<?xml version="1.0" encoding="UTF-8"?>
<!-- Generated by org.testng.reporters.JUnitReportReporter -->
<testsuite hostname="NikhilaKaruna" failures="0" tests="1" name="script.InvalidLogin" time="24.607" errors="0" timestamp="27 Jul 2022 02:25:05 GMT" skipped="0">
  <testcase classname="script.InvalidLogin" name="testInvalidLogin" time="24.607"/>
</testsuite> <!-- script.InvalidLogin -->
